# JRE version: OpenJDK Runtime Environment (8.0_242-b01) (build 1.8.0_242-release-1644-b01)
# Java VM: OpenJDK 64-Bit Server VM (25.242-b01 mixed mode windows-amd64 compressed oops)
Heap:
 PSYoungGen      total 346112K, used 205172K [0x00000000d5580000, 0x00000000edb00000, 0x0000000100000000)
  eden space 322048K, 56% used [0x00000000d5580000,0x00000000e0689290,0x00000000e9000000)
  from space 24064K, 99% used [0x00000000ec380000,0x00000000edad3d88,0x00000000edb00000)
  to   space 29184K, 0% used [0x00000000ea200000,0x00000000ea200000,0x00000000ebe80000)
 ParOldGen       total 784384K, used 39388K [0x0000000080000000, 0x00000000afe00000, 0x00000000d5580000)
  object space 784384K, 5% used [0x0000000080000000,0x00000000826770f0,0x00000000afe00000)
 Metaspace       used 80829K, capacity 84460K, committed 84648K, reserved 1122304K
  class space    used 10907K, capacity 11653K, committed 11696K, reserved 1048576K
GC Heap History (10 events):
Event: 6.315 GC heap before
{Heap before GC invocations=5 (full 2):
 PSYoungGen      total 229376K, used 16837K [0x00000000d5580000, 0x00000000ea880000, 0x0000000100000000)
  eden space 196608K, 0% used [0x00000000d5580000,0x00000000d5580000,0x00000000e1580000)
  from space 32768K, 51% used [0x00000000e1580000,0x00000000e25f1680,0x00000000e3580000)
  to   space 32768K, 0% used [0x00000000e8880000,0x00000000e8880000,0x00000000ea880000)
 ParOldGen       total 316416K, used 10245K [0x0000000080000000, 0x0000000093500000, 0x00000000d5580000)
  object space 316416K, 3% used [0x0000000080000000,0x0000000080a01438,0x0000000093500000)
 Metaspace       used 34292K, capacity 35418K, committed 35496K, reserved 1079296K
  class space    used 4716K, capacity 5002K, committed 5040K, reserved 1048576K
Event: 6.388 GC heap after
Heap after GC invocations=5 (full 2):
 PSYoungGen      total 229376K, used 0K [0x00000000d5580000, 0x00000000ea880000, 0x0000000100000000)
  eden space 196608K, 0% used [0x00000000d5580000,0x00000000d5580000,0x00000000e1580000)
  from space 32768K, 0% used [0x00000000e1580000,0x00000000e1580000,0x00000000e3580000)
  to   space 32768K, 0% used [0x00000000e8880000,0x00000000e8880000,0x00000000ea880000)
 ParOldGen       total 532480K, used 22822K [0x0000000080000000, 0x00000000a0800000, 0x00000000d5580000)
  object space 532480K, 4% used [0x0000000080000000,0x0000000081649898,0x00000000a0800000)
 Metaspace       used 34292K, capacity 35418K, committed 35496K, reserved 1079296K
  class space    used 4716K, capacity 5002K, committed 5040K, reserved 1048576K
}
Event: 8.443 GC heap before
{Heap before GC invocations=6 (full 2):
 PSYoungGen      total 229376K, used 196608K [0x00000000d5580000, 0x00000000ea880000, 0x0000000100000000)
  eden space 196608K, 100% used [0x00000000d5580000,0x00000000e1580000,0x00000000e1580000)
  from space 32768K, 0% used [0x00000000e1580000,0x00000000e1580000,0x00000000e3580000)
  to   space 32768K, 0% used [0x00000000e8880000,0x00000000e8880000,0x00000000ea880000)
 ParOldGen       total 532480K, used 22822K [0x0000000080000000, 0x00000000a0800000, 0x00000000d5580000)
  object space 532480K, 4% used [0x0000000080000000,0x0000000081649898,0x00000000a0800000)
 Metaspace       used 45526K, capacity 47348K, committed 47528K, reserved 1089536K
  class space    used 6150K, capacity 6528K, committed 6576K, reserved 1048576K
Event: 8.464 GC heap after
Heap after GC invocations=6 (full 2):
 PSYoungGen      total 278016K, used 15956K [0x00000000d5580000, 0x00000000e9880000, 0x0000000100000000)
  eden space 261632K, 0% used [0x00000000d5580000,0x00000000d5580000,0x00000000e5500000)
  from space 16384K, 97% used [0x00000000e8880000,0x00000000e9815158,0x00000000e9880000)
  to   space 32768K, 0% used [0x00000000e5880000,0x00000000e5880000,0x00000000e7880000)
 ParOldGen       total 532480K, used 22830K [0x0000000080000000, 0x00000000a0800000, 0x00000000d5580000)
  object space 532480K, 4% used [0x0000000080000000,0x000000008164b898,0x00000000a0800000)
 Metaspace       used 45526K, capacity 47348K, committed 47528K, reserved 1089536K
  class space    used 6150K, capacity 6528K, committed 6576K, reserved 1048576K
}
Event: 10.989 GC heap before
{Heap before GC invocations=7 (full 2):
 PSYoungGen      total 278016K, used 184613K [0x00000000d5580000, 0x00000000e9880000, 0x0000000100000000)
  eden space 261632K, 64% used [0x00000000d5580000,0x00000000dfa34618,0x00000000e5500000)
  from space 16384K, 97% used [0x00000000e8880000,0x00000000e9815158,0x00000000e9880000)
  to   space 32768K, 0% used [0x00000000e5880000,0x00000000e5880000,0x00000000e7880000)
 ParOldGen       total 532480K, used 22830K [0x0000000080000000, 0x00000000a0800000, 0x00000000d5580000)
  object space 532480K, 4% used [0x0000000080000000,0x000000008164b898,0x00000000a0800000)
 Metaspace       used 56909K, capacity 59068K, committed 59160K, reserved 1099776K
  class space    used 7569K, capacity 8041K, committed 8112K, reserved 1048576K
Event: 11.014 GC heap after
Heap after GC invocations=7 (full 2):
 PSYoungGen      total 297984K, used 27133K [0x00000000d5580000, 0x00000000ede00000, 0x0000000100000000)
  eden space 265216K, 0% used [0x00000000d5580000,0x00000000d5580000,0x00000000e5880000)
  from space 32768K, 82% used [0x00000000e5880000,0x00000000e72ff530,0x00000000e7880000)
  to   space 27136K, 0% used [0x00000000ec380000,0x00000000ec380000,0x00000000ede00000)
 ParOldGen       total 532480K, used 22902K [0x0000000080000000, 0x00000000a0800000, 0x00000000d5580000)
  object space 532480K, 4% used [0x0000000080000000,0x000000008165d8a8,0x00000000a0800000)
 Metaspace       used 56909K, capacity 59068K, committed 59160K, reserved 1099776K
  class space    used 7569K, capacity 8041K, committed 8112K, reserved 1048576K
}
Event: 11.014 GC heap before
{Heap before GC invocations=8 (full 3):
 PSYoungGen      total 297984K, used 27133K [0x00000000d5580000, 0x00000000ede00000, 0x0000000100000000)
  eden space 265216K, 0% used [0x00000000d5580000,0x00000000d5580000,0x00000000e5880000)
  from space 32768K, 82% used [0x00000000e5880000,0x00000000e72ff530,0x00000000e7880000)
  to   space 27136K, 0% used [0x00000000ec380000,0x00000000ec380000,0x00000000ede00000)
 ParOldGen       total 532480K, used 22902K [0x0000000080000000, 0x00000000a0800000, 0x00000000d5580000)
  object space 532480K, 4% used [0x0000000080000000,0x000000008165d8a8,0x00000000a0800000)
 Metaspace       used 56909K, capacity 59068K, committed 59160K, reserved 1099776K
  class space    used 7569K, capacity 8041K, committed 8112K, reserved 1048576K
Event: 11.312 GC heap after
Heap after GC invocations=8 (full 3):
 PSYoungGen      total 297984K, used 0K [0x00000000d5580000, 0x00000000ede00000, 0x0000000100000000)
  eden space 265216K, 0% used [0x00000000d5580000,0x00000000d5580000,0x00000000e5880000)
  from space 32768K, 0% used [0x00000000e5880000,0x00000000e5880000,0x00000000e7880000)
  to   space 27136K, 0% used [0x00000000ec380000,0x00000000ec380000,0x00000000ede00000)
 ParOldGen       total 784384K, used 39380K [0x0000000080000000, 0x00000000afe00000, 0x00000000d5580000)
  object space 784384K, 5% used [0x0000000080000000,0x00000000826750f0,0x00000000afe00000)
 Metaspace       used 56864K, capacity 58918K, committed 59160K, reserved 1099776K
  class space    used 7555K, capacity 8016K, committed 8112K, reserved 1048576K
}
Event: 14.540 GC heap before
{Heap before GC invocations=9 (full 3):
 PSYoungGen      total 297984K, used 265216K [0x00000000d5580000, 0x00000000ede00000, 0x0000000100000000)
  eden space 265216K, 100% used [0x00000000d5580000,0x00000000e5880000,0x00000000e5880000)
  from space 32768K, 0% used [0x00000000e5880000,0x00000000e5880000,0x00000000e7880000)
  to   space 27136K, 0% used [0x00000000ec380000,0x00000000ec380000,0x00000000ede00000)
 ParOldGen       total 784384K, used 39380K [0x0000000080000000, 0x00000000afe00000, 0x00000000d5580000)
  object space 784384K, 5% used [0x0000000080000000,0x00000000826750f0,0x00000000afe00000)
 Metaspace       used 69908K, capacity 73234K, committed 73512K, reserved 1112064K
  class space    used 9559K, capacity 10217K, committed 10288K, reserved 1048576K
Event: 14.562 GC heap after
Heap after GC invocations=9 (full 3):
 PSYoungGen      total 346112K, used 23887K [0x00000000d5580000, 0x00000000edb00000, 0x0000000100000000)
  eden space 322048K, 0% used [0x00000000d5580000,0x00000000d5580000,0x00000000e9000000)
  from space 24064K, 99% used [0x00000000ec380000,0x00000000edad3d88,0x00000000edb00000)
  to   space 29184K, 0% used [0x00000000ea200000,0x00000000ea200000,0x00000000ebe80000)
 ParOldGen       total 784384K, used 39388K [0x0000000080000000, 0x00000000afe00000, 0x00000000d5580000)
  object space 784384K, 5% used [0x0000000080000000,0x00000000826770f0,0x00000000afe00000)
 Metaspace       used 69908K, capacity 73234K, committed 73512K, reserved 1112064K
  class space    used 9559K, capacity 10217K, committed 10288K, reserved 1048576K
}

