# JRE version: OpenJDK Runtime Environment (8.0_242-b01) (build 1.8.0_242-release-1644-b01)
# Java VM: OpenJDK 64-Bit Server VM (25.242-b01 mixed mode windows-amd64 compressed oops)
Heap:
 PSYoungGen      total 384512K, used 69230K [0x00000000d5580000, 0x00000000f3a00000, 0x0000000100000000)
  eden space 354304K, 11% used [0x00000000d5580000,0x00000000d7ba0ac8,0x00000000eaf80000)
  from space 30208K, 99% used [0x00000000eaf80000,0x00000000eccfae98,0x00000000ecd00000)
  to   space 42496K, 0% used [0x00000000f1080000,0x00000000f1080000,0x00000000f3a00000)
 ParOldGen       total 710144K, used 54541K [0x0000000080000000, 0x00000000ab580000, 0x00000000d5580000)
  object space 710144K, 7% used [0x0000000080000000,0x0000000083543668,0x00000000ab580000)
 Metaspace       used 87040K, capacity 91062K, committed 91176K, reserved 1128448K
  class space    used 11468K, capacity 12242K, committed 12336K, reserved 1048576K
GC Heap History (10 events):
Event: 6.900 GC heap before
{Heap before GC invocations=6 (full 2):
 PSYoungGen      total 229376K, used 196608K [0x00000000d5580000, 0x00000000eb780000, 0x0000000100000000)
  eden space 196608K, 100% used [0x00000000d5580000,0x00000000e1580000,0x00000000e1580000)
  from space 32768K, 0% used [0x00000000e1580000,0x00000000e1580000,0x00000000e3580000)
  to   space 32768K, 0% used [0x00000000e9780000,0x00000000e9780000,0x00000000eb780000)
 ParOldGen       total 485888K, used 22831K [0x0000000080000000, 0x000000009da80000, 0x00000000d5580000)
  object space 485888K, 4% used [0x0000000080000000,0x000000008164bd60,0x000000009da80000)
 Metaspace       used 45503K, capacity 47388K, committed 47528K, reserved 1089536K
  class space    used 6150K, capacity 6522K, committed 6576K, reserved 1048576K
Event: 6.914 GC heap after
Heap after GC invocations=6 (full 2):
 PSYoungGen      total 281088K, used 15817K [0x00000000d5580000, 0x00000000ea700000, 0x0000000100000000)
  eden space 265216K, 0% used [0x00000000d5580000,0x00000000d5580000,0x00000000e5880000)
  from space 15872K, 99% used [0x00000000e9780000,0x00000000ea6f2578,0x00000000ea700000)
  to   space 32768K, 0% used [0x00000000e6700000,0x00000000e6700000,0x00000000e8700000)
 ParOldGen       total 485888K, used 22839K [0x0000000080000000, 0x000000009da80000, 0x00000000d5580000)
  object space 485888K, 4% used [0x0000000080000000,0x000000008164dd60,0x000000009da80000)
 Metaspace       used 45503K, capacity 47388K, committed 47528K, reserved 1089536K
  class space    used 6150K, capacity 6522K, committed 6576K, reserved 1048576K
}
Event: 9.092 GC heap before
{Heap before GC invocations=7 (full 2):
 PSYoungGen      total 281088K, used 181236K [0x00000000d5580000, 0x00000000ea700000, 0x0000000100000000)
  eden space 265216K, 62% used [0x00000000d5580000,0x00000000df70ac78,0x00000000e5880000)
  from space 15872K, 99% used [0x00000000e9780000,0x00000000ea6f2578,0x00000000ea700000)
  to   space 32768K, 0% used [0x00000000e6700000,0x00000000e6700000,0x00000000e8700000)
 ParOldGen       total 485888K, used 22839K [0x0000000080000000, 0x000000009da80000, 0x00000000d5580000)
  object space 485888K, 4% used [0x0000000080000000,0x000000008164dd60,0x000000009da80000)
 Metaspace       used 56891K, capacity 59064K, committed 59160K, reserved 1099776K
  class space    used 7572K, capacity 8067K, committed 8112K, reserved 1048576K
Event: 9.120 GC heap after
Heap after GC invocations=7 (full 2):
 PSYoungGen      total 312832K, used 27083K [0x00000000d5580000, 0x00000000eeb80000, 0x0000000100000000)
  eden space 280064K, 0% used [0x00000000d5580000,0x00000000d5580000,0x00000000e6700000)
  from space 32768K, 82% used [0x00000000e6700000,0x00000000e8172e28,0x00000000e8700000)
  to   space 27136K, 0% used [0x00000000ed100000,0x00000000ed100000,0x00000000eeb80000)
 ParOldGen       total 485888K, used 22911K [0x0000000080000000, 0x000000009da80000, 0x00000000d5580000)
  object space 485888K, 4% used [0x0000000080000000,0x000000008165fd70,0x000000009da80000)
 Metaspace       used 56891K, capacity 59064K, committed 59160K, reserved 1099776K
  class space    used 7572K, capacity 8067K, committed 8112K, reserved 1048576K
}
Event: 9.120 GC heap before
{Heap before GC invocations=8 (full 3):
 PSYoungGen      total 312832K, used 27083K [0x00000000d5580000, 0x00000000eeb80000, 0x0000000100000000)
  eden space 280064K, 0% used [0x00000000d5580000,0x00000000d5580000,0x00000000e6700000)
  from space 32768K, 82% used [0x00000000e6700000,0x00000000e8172e28,0x00000000e8700000)
  to   space 27136K, 0% used [0x00000000ed100000,0x00000000ed100000,0x00000000eeb80000)
 ParOldGen       total 485888K, used 22911K [0x0000000080000000, 0x000000009da80000, 0x00000000d5580000)
  object space 485888K, 4% used [0x0000000080000000,0x000000008165fd70,0x000000009da80000)
 Metaspace       used 56891K, capacity 59064K, committed 59160K, reserved 1099776K
  class space    used 7572K, capacity 8067K, committed 8112K, reserved 1048576K
Event: 9.367 GC heap after
Heap after GC invocations=8 (full 3):
 PSYoungGen      total 312832K, used 0K [0x00000000d5580000, 0x00000000eeb80000, 0x0000000100000000)
  eden space 280064K, 0% used [0x00000000d5580000,0x00000000d5580000,0x00000000e6700000)
  from space 32768K, 0% used [0x00000000e6700000,0x00000000e6700000,0x00000000e8700000)
  to   space 27136K, 0% used [0x00000000ed100000,0x00000000ed100000,0x00000000eeb80000)
 ParOldGen       total 710144K, used 39396K [0x0000000080000000, 0x00000000ab580000, 0x00000000d5580000)
  object space 710144K, 5% used [0x0000000080000000,0x00000000826790a0,0x00000000ab580000)
 Metaspace       used 56858K, capacity 58950K, committed 59160K, reserved 1099776K
  class space    used 7562K, capacity 8048K, committed 8112K, reserved 1048576K
}
Event: 12.872 GC heap before
{Heap before GC invocations=9 (full 3):
 PSYoungGen      total 312832K, used 280064K [0x00000000d5580000, 0x00000000eeb80000, 0x0000000100000000)
  eden space 280064K, 100% used [0x00000000d5580000,0x00000000e6700000,0x00000000e6700000)
  from space 32768K, 0% used [0x00000000e6700000,0x00000000e6700000,0x00000000e8700000)
  to   space 27136K, 0% used [0x00000000ed100000,0x00000000ed100000,0x00000000eeb80000)
 ParOldGen       total 710144K, used 39396K [0x0000000080000000, 0x00000000ab580000, 0x00000000d5580000)
  object space 710144K, 5% used [0x0000000080000000,0x00000000826790a0,0x00000000ab580000)
 Metaspace       used 70413K, capacity 73626K, committed 73768K, reserved 1112064K
  class space    used 9614K, capacity 10285K, committed 10288K, reserved 1048576K
Event: 12.895 GC heap after
Heap after GC invocations=9 (full 3):
 PSYoungGen      total 371712K, used 25726K [0x00000000d5580000, 0x00000000eea80000, 0x0000000100000000)
  eden space 345600K, 0% used [0x00000000d5580000,0x00000000d5580000,0x00000000ea700000)
  from space 26112K, 98% used [0x00000000ed100000,0x00000000eea1fa00,0x00000000eea80000)
  to   space 30208K, 0% used [0x00000000eaf80000,0x00000000eaf80000,0x00000000ecd00000)
 ParOldGen       total 710144K, used 39404K [0x0000000080000000, 0x00000000ab580000, 0x00000000d5580000)
  object space 710144K, 5% used [0x0000000080000000,0x000000008267b0a0,0x00000000ab580000)
 Metaspace       used 70413K, capacity 73626K, committed 73768K, reserved 1112064K
  class space    used 9614K, capacity 10285K, committed 10288K, reserved 1048576K
}
Event: 99.942 GC heap before
{Heap before GC invocations=10 (full 3):
 PSYoungGen      total 371712K, used 371326K [0x00000000d5580000, 0x00000000eea80000, 0x0000000100000000)
  eden space 345600K, 100% used [0x00000000d5580000,0x00000000ea700000,0x00000000ea700000)
  from space 26112K, 98% used [0x00000000ed100000,0x00000000eea1fa00,0x00000000eea80000)
  to   space 30208K, 0% used [0x00000000eaf80000,0x00000000eaf80000,0x00000000ecd00000)
 ParOldGen       total 710144K, used 39404K [0x0000000080000000, 0x00000000ab580000, 0x00000000d5580000)
  object space 710144K, 5% used [0x0000000080000000,0x000000008267b0a0,0x00000000ab580000)
 Metaspace       used 86581K, capacity 90566K, committed 90792K, reserved 1128448K
  class space    used 11435K, capacity 12206K, committed 12208K, reserved 1048576K
Event: 100.003 GC heap after
Heap after GC invocations=10 (full 3):
 PSYoungGen      total 384512K, used 30187K [0x00000000d5580000, 0x00000000f3a00000, 0x0000000100000000)
  eden space 354304K, 0% used [0x00000000d5580000,0x00000000d5580000,0x00000000eaf80000)
  from space 30208K, 99% used [0x00000000eaf80000,0x00000000eccfae98,0x00000000ecd00000)
  to   space 42496K, 0% used [0x00000000f1080000,0x00000000f1080000,0x00000000f3a00000)
 ParOldGen       total 710144K, used 54541K [0x0000000080000000, 0x00000000ab580000, 0x00000000d5580000)
  object space 710144K, 7% used [0x0000000080000000,0x0000000083543668,0x00000000ab580000)
 Metaspace       used 86581K, capacity 90566K, committed 90792K, reserved 1128448K
  class space    used 11435K, capacity 12206K, committed 12208K, reserved 1048576K
}

