# JRE version: OpenJDK Runtime Environment (8.0_242-b01) (build 1.8.0_242-release-1644-b01)
# Java VM: OpenJDK 64-Bit Server VM (25.242-b01 mixed mode windows-amd64 compressed oops)
Heap:
 PSYoungGen      total 355840K, used 61804K [0x00000000d5580000, 0x00000000f1400000, 0x0000000100000000)
  eden space 326144K, 9% used [0x00000000d5580000,0x00000000d7522758,0x00000000e9400000)
  from space 29696K, 99% used [0x00000000ef700000,0x00000000f13b8a90,0x00000000f1400000)
  to   space 38912K, 0% used [0x00000000ec800000,0x00000000ec800000,0x00000000eee00000)
 ParOldGen       total 786432K, used 46138K [0x0000000080000000, 0x00000000b0000000, 0x00000000d5580000)
  object space 786432K, 5% used [0x0000000080000000,0x0000000082d0e8e0,0x00000000b0000000)
 Metaspace       used 82525K, capacity 86542K, committed 86696K, reserved 1124352K
  class space    used 10819K, capacity 11585K, committed 11696K, reserved 1048576K
GC Heap History (10 events):
Event: 10.256 GC heap before
{Heap before GC invocations=7 (full 2):
 PSYoungGen      total 272384K, used 190784K [0x00000000d5580000, 0x00000000e9e80000, 0x0000000100000000)
  eden space 256512K, 68% used [0x00000000d5580000,0x00000000e006c4e0,0x00000000e5000000)
  from space 15872K, 99% used [0x00000000e8f00000,0x00000000e9e63c90,0x00000000e9e80000)
  to   space 32768K, 0% used [0x00000000e5e80000,0x00000000e5e80000,0x00000000e7e80000)
 ParOldGen       total 536064K, used 22824K [0x0000000080000000, 0x00000000a0b80000, 0x00000000d5580000)
  object space 536064K, 4% used [0x0000000080000000,0x000000008164a2a0,0x00000000a0b80000)
 Metaspace       used 56873K, capacity 59080K, committed 59160K, reserved 1099776K
  class space    used 7570K, capacity 8043K, committed 8112K, reserved 1048576K
Event: 10.289 GC heap after
Heap after GC invocations=7 (full 2):
 PSYoungGen      total 304128K, used 27097K [0x00000000d5580000, 0x00000000ed000000, 0x0000000100000000)
  eden space 271360K, 0% used [0x00000000d5580000,0x00000000d5580000,0x00000000e5e80000)
  from space 32768K, 82% used [0x00000000e5e80000,0x00000000e78f66b0,0x00000000e7e80000)
  to   space 27136K, 0% used [0x00000000eb580000,0x00000000eb580000,0x00000000ed000000)
 ParOldGen       total 536064K, used 22896K [0x0000000080000000, 0x00000000a0b80000, 0x00000000d5580000)
  object space 536064K, 4% used [0x0000000080000000,0x000000008165c2b0,0x00000000a0b80000)
 Metaspace       used 56873K, capacity 59080K, committed 59160K, reserved 1099776K
  class space    used 7570K, capacity 8043K, committed 8112K, reserved 1048576K
}
Event: 10.289 GC heap before
{Heap before GC invocations=8 (full 3):
 PSYoungGen      total 304128K, used 27097K [0x00000000d5580000, 0x00000000ed000000, 0x0000000100000000)
  eden space 271360K, 0% used [0x00000000d5580000,0x00000000d5580000,0x00000000e5e80000)
  from space 32768K, 82% used [0x00000000e5e80000,0x00000000e78f66b0,0x00000000e7e80000)
  to   space 27136K, 0% used [0x00000000eb580000,0x00000000eb580000,0x00000000ed000000)
 ParOldGen       total 536064K, used 22896K [0x0000000080000000, 0x00000000a0b80000, 0x00000000d5580000)
  object space 536064K, 4% used [0x0000000080000000,0x000000008165c2b0,0x00000000a0b80000)
 Metaspace       used 56873K, capacity 59080K, committed 59160K, reserved 1099776K
  class space    used 7570K, capacity 8043K, committed 8112K, reserved 1048576K
Event: 10.591 GC heap after
Heap after GC invocations=8 (full 3):
 PSYoungGen      total 304128K, used 0K [0x00000000d5580000, 0x00000000ed000000, 0x0000000100000000)
  eden space 271360K, 0% used [0x00000000d5580000,0x00000000d5580000,0x00000000e5e80000)
  from space 32768K, 0% used [0x00000000e5e80000,0x00000000e5e80000,0x00000000e7e80000)
  to   space 27136K, 0% used [0x00000000eb580000,0x00000000eb580000,0x00000000ed000000)
 ParOldGen       total 786432K, used 39377K [0x0000000080000000, 0x00000000b0000000, 0x00000000d5580000)
  object space 786432K, 5% used [0x0000000080000000,0x0000000082674448,0x00000000b0000000)
 Metaspace       used 56825K, capacity 58918K, committed 59160K, reserved 1099776K
  class space    used 7555K, capacity 8016K, committed 8112K, reserved 1048576K
}
Event: 15.028 GC heap before
{Heap before GC invocations=9 (full 3):
 PSYoungGen      total 304128K, used 271360K [0x00000000d5580000, 0x00000000ed000000, 0x0000000100000000)
  eden space 271360K, 100% used [0x00000000d5580000,0x00000000e5e80000,0x00000000e5e80000)
  from space 32768K, 0% used [0x00000000e5e80000,0x00000000e5e80000,0x00000000e7e80000)
  to   space 27136K, 0% used [0x00000000eb580000,0x00000000eb580000,0x00000000ed000000)
 ParOldGen       total 786432K, used 39377K [0x0000000080000000, 0x00000000b0000000, 0x00000000d5580000)
  object space 786432K, 5% used [0x0000000080000000,0x0000000082674448,0x00000000b0000000)
 Metaspace       used 70181K, capacity 73404K, committed 73512K, reserved 1112064K
  class space    used 9566K, capacity 10182K, committed 10288K, reserved 1048576K
Event: 15.056 GC heap after
Heap after GC invocations=9 (full 3):
 PSYoungGen      total 357888K, used 24594K [0x00000000d5580000, 0x00000000ed380000, 0x0000000100000000)
  eden space 330752K, 0% used [0x00000000d5580000,0x00000000d5580000,0x00000000e9880000)
  from space 27136K, 90% used [0x00000000eb580000,0x00000000ecd84a40,0x00000000ed000000)
  to   space 29696K, 0% used [0x00000000e9880000,0x00000000e9880000,0x00000000eb580000)
 ParOldGen       total 786432K, used 39385K [0x0000000080000000, 0x00000000b0000000, 0x00000000d5580000)
  object space 786432K, 5% used [0x0000000080000000,0x0000000082676448,0x00000000b0000000)
 Metaspace       used 70181K, capacity 73404K, committed 73512K, reserved 1112064K
  class space    used 9566K, capacity 10182K, committed 10288K, reserved 1048576K
}
Event: 68.567 GC heap before
{Heap before GC invocations=10 (full 3):
 PSYoungGen      total 357888K, used 355346K [0x00000000d5580000, 0x00000000ed380000, 0x0000000100000000)
  eden space 330752K, 100% used [0x00000000d5580000,0x00000000e9880000,0x00000000e9880000)
  from space 27136K, 90% used [0x00000000eb580000,0x00000000ecd84a40,0x00000000ed000000)
  to   space 29696K, 0% used [0x00000000e9880000,0x00000000e9880000,0x00000000eb580000)
 ParOldGen       total 786432K, used 39385K [0x0000000080000000, 0x00000000b0000000, 0x00000000d5580000)
  object space 786432K, 5% used [0x0000000080000000,0x0000000082676448,0x00000000b0000000)
 Metaspace       used 78974K, capacity 82560K, committed 82856K, reserved 1120256K
  class space    used 10440K, capacity 11128K, committed 11184K, reserved 1048576K
Event: 68.598 GC heap after
Heap after GC invocations=10 (full 3):
 PSYoungGen      total 360448K, used 29693K [0x00000000d5580000, 0x00000000f1b80000, 0x0000000100000000)
  eden space 330752K, 0% used [0x00000000d5580000,0x00000000d5580000,0x00000000e9880000)
  from space 29696K, 99% used [0x00000000e9880000,0x00000000eb57f750,0x00000000eb580000)
  to   space 37376K, 0% used [0x00000000ef700000,0x00000000ef700000,0x00000000f1b80000)
 ParOldGen       total 786432K, used 46130K [0x0000000080000000, 0x00000000b0000000, 0x00000000d5580000)
  object space 786432K, 5% used [0x0000000080000000,0x0000000082d0c8e0,0x00000000b0000000)
 Metaspace       used 78974K, capacity 82560K, committed 82856K, reserved 1120256K
  class space    used 10440K, capacity 11128K, committed 11184K, reserved 1048576K
}
Event: 926.502 GC heap before
{Heap before GC invocations=11 (full 3):
 PSYoungGen      total 360448K, used 360445K [0x00000000d5580000, 0x00000000f1b80000, 0x0000000100000000)
  eden space 330752K, 100% used [0x00000000d5580000,0x00000000e9880000,0x00000000e9880000)
  from space 29696K, 99% used [0x00000000e9880000,0x00000000eb57f750,0x00000000eb580000)
  to   space 37376K, 0% used [0x00000000ef700000,0x00000000ef700000,0x00000000f1b80000)
 ParOldGen       total 786432K, used 46130K [0x0000000080000000, 0x00000000b0000000, 0x00000000d5580000)
  object space 786432K, 5% used [0x0000000080000000,0x0000000082d0c8e0,0x00000000b0000000)
 Metaspace       used 81860K, capacity 85792K, committed 86056K, reserved 1124352K
  class space    used 10732K, capacity 11474K, committed 11568K, reserved 1048576K
Event: 926.526 GC heap after
Heap after GC invocations=11 (full 3):
 PSYoungGen      total 355840K, used 29410K [0x00000000d5580000, 0x00000000f1400000, 0x0000000100000000)
  eden space 326144K, 0% used [0x00000000d5580000,0x00000000d5580000,0x00000000e9400000)
  from space 29696K, 99% used [0x00000000ef700000,0x00000000f13b8a90,0x00000000f1400000)
  to   space 38912K, 0% used [0x00000000ec800000,0x00000000ec800000,0x00000000eee00000)
 ParOldGen       total 786432K, used 46138K [0x0000000080000000, 0x00000000b0000000, 0x00000000d5580000)
  object space 786432K, 5% used [0x0000000080000000,0x0000000082d0e8e0,0x00000000b0000000)
 Metaspace       used 81860K, capacity 85792K, committed 86056K, reserved 1124352K
  class space    used 10732K, capacity 11474K, committed 11568K, reserved 1048576K
}

